19:57:44 INFO TalentoTech Completando los Datos del USUARIO
19:57:44 INFO TalentoTech Verficando redireccionamiento de la pagina
19:58:07 INFO TalentoTech Completando los Datos del USUARIO
2025-11-26 : 20:02:35 INFO TalentoTech: Completando los Datos del USUARIO
2025-11-26 : 20:02:35 INFO TalentoTech: Verficando redireccionamiento de la pagina
2025-11-26 : 20:02:57 INFO TalentoTech: Completando los Datos del USUARIO
2025-11-26 : 20:40:37 INFO TalentoTech: realizando solicitud GET a https://reqres.in/api/users
2025-11-26 : 20:40:38 INFO TalentoTech: Agregando usuario Jose
2025-11-26 : 20:40:39 INFO TalentoTech: Eliminando el usuario /2
2025-11-26 : 20:47:51 INFO TalentoTech: realizando solicitud GET a https://reqres.in/api/users
2025-11-26 : 20:47:52 INFO TalentoTech: Eliminando el usuario /2
2025-11-26 : 20:48:15 INFO TalentoTech: realizando solicitud GET a https://reqres.in/api/users
2025-11-26 : 20:48:15 INFO TalentoTech: Eliminando el usuario /2
2025-11-26 : 20:48:52 INFO TalentoTech: realizando solicitud GET a https://reqres.in/api/users
2025-11-26 : 20:48:52 INFO TalentoTech: Agregando usuario: JoseProfesor
2025-11-26 : 20:48:53 INFO TalentoTech: Eliminando el usuario /2
2025-11-26 : 20:49:19 INFO TalentoTech: realizando solicitud GET a https://reqres.in/api/users
2025-11-26 : 20:49:19 INFO TalentoTech: Agregando usuario: Jose, Profesor
2025-11-26 : 20:49:20 INFO TalentoTech: Eliminando el usuario /2
2025-12-03 : 20:46:51 INFO TalentoTech: Completando los Datos del USUARIO
2025-12-03 : 20:46:52 INFO TalentoTech: Verficando redireccionamiento de la pagina
2025-12-03 : 20:47:13 INFO TalentoTech: Completando los Datos del USUARIO
2025-12-03 : 20:50:07 INFO TalentoTech: Completando los Datos del USUARIO
2025-12-03 : 20:50:08 INFO TalentoTech: Verficando redireccionamiento de la pagina
2025-12-03 : 20:50:29 INFO TalentoTech: Completando los Datos del USUARIO
2025-12-03 : 20:52:14 INFO TalentoTech: Completando los Datos del USUARIO
2025-12-03 : 20:52:15 INFO TalentoTech: Verficando redireccionamiento de la pagina
2025-12-03 : 20:52:35 INFO TalentoTech: Completando los Datos del USUARIO
2025-12-03 : 20:55:21 INFO TalentoTech: Completando los Datos del USUARIO
2025-12-03 : 20:55:21 INFO TalentoTech: Verficando redireccionamiento de la pagina
2025-12-03 : 20:55:42 INFO TalentoTech: Completando los Datos del USUARIO
2025-12-03 : 20:57:44 INFO TalentoTech: realizando solicitud GET a https://reqres.in/api/users
2025-12-03 : 20:57:47 INFO TalentoTech: Agregando usuario: Jose, Profesor
2025-12-03 : 20:57:48 INFO TalentoTech: Eliminando el usuario /2
2025-12-05 : 11:47:21 INFO TalentoTech: Completando los Datos del USUARIO
2025-12-05 : 11:47:22 INFO TalentoTech: Verficando redireccionamiento de la pagina
2025-12-05 : 11:47:42 INFO TalentoTech: Completando los Datos del USUARIO
2025-12-05 : 11:48:53 INFO TalentoTech: realizando solicitud GET a https://reqres.in/api/users
2025-12-05 : 11:48:54 INFO TalentoTech: Agregando usuario: Jose, Profesor
2025-12-05 : 11:48:55 INFO TalentoTech: Eliminando el usuario /2
2025-12-05 : 11:54:33 INFO TalentoTech: Completando los Datos del USUARIO
2025-12-05 : 11:54:33 INFO TalentoTech: Verficando redireccionamiento de la pagina
2025-12-05 : 11:54:53 INFO TalentoTech: Completando los Datos del USUARIO
2025-12-05 : 11:56:07 INFO TalentoTech: realizando solicitud GET a https://reqres.in/api/users
2025-12-05 : 11:56:07 INFO TalentoTech: Agregando usuario: Jose, Profesor
2025-12-05 : 11:56:08 INFO TalentoTech: Eliminando el usuario /2
2025-12-05 : 15:38:20 INFO TalentoTech: Completando los Datos del USUARIO
2025-12-05 : 15:38:21 INFO TalentoTech: Verficando redireccionamiento de la pagina
2025-12-05 : 15:38:41 INFO TalentoTech: Completando los Datos del USUARIO
2025-12-05 : 15:40:09 INFO TalentoTech: realizando solicitud GET a https://reqres.in/api/users
2025-12-05 : 15:40:10 INFO TalentoTech: Agregando usuario: Jose, Profesor
2025-12-05 : 15:40:11 INFO TalentoTech: Eliminando el usuario /2
2025-12-05 : 15:57:20 INFO TalentoTech: Completando los Datos del USUARIO
2025-12-05 : 15:57:21 INFO TalentoTech: Verficando redireccionamiento de la pagina
2025-12-05 : 15:57:41 INFO TalentoTech: Completando los Datos del USUARIO
2025-12-05 : 15:58:37 INFO TalentoTech: realizando solicitud GET a https://reqres.in/api/users
2025-12-05 : 15:58:38 INFO TalentoTech: Agregando usuario: Jose, Profesor
2025-12-05 : 15:58:39 INFO TalentoTech: Eliminando el usuario /2
2025-12-05 : 16:34:13 INFO TalentoTech: Completando los Datos del USUARIO
2025-12-05 : 16:34:13 INFO TalentoTech: Verficando redireccionamiento de la pagina
2025-12-05 : 16:34:34 INFO TalentoTech: Completando los Datos del USUARIO
2025-12-05 : 16:35:32 INFO TalentoTech: realizando solicitud GET a https://reqres.in/api/users
2025-12-05 : 16:35:33 INFO TalentoTech: Agregando usuario: Jose, Profesor
2025-12-05 : 16:35:34 INFO TalentoTech: Eliminando el usuario /2
